<?xml version="1.0" encoding="utf-8"?><testsuites name="pytest tests"><testsuite name="pytest" errors="0" failures="0" skipped="0" tests="170" time="89.423" timestamp="2026-05-30T00:43:19.869069+00:00" hostname="agent-env-a19cc646-11fd-468b-b5fd-b0d6e6c4db27"><testcase classname="backend.tests.backend_test.TestHealth" name="test_health_endpoint" time="0.236" /><testcase classname="backend.tests.backend_test.TestHealth" name="test_root_endpoint" time="0.054" /><testcase classname="backend.tests.backend_test.TestRevenue" name="test_list_revenue_has_seeded_streams" time="0.056" /><testcase classname="backend.tests.backend_test.TestRevenue" name="test_revenue_stats_totals" time="0.047" /><testcase classname="backend.tests.backend_test.TestAgents" name="test_list_agents_has_at_least_10" time="0.047" /><testcase classname="backend.tests.backend_test.TestBuilds" name="test_list_builds" time="0.051" /><testcase classname="backend.tests.backend_test.TestBuilds" name="test_profitengine_v5_live_and_pass" time="0.048" /><testcase classname="backend.tests.backend_test.TestBuilds" name="test_vhll_distillation_live" time="0.047" /><testcase classname="backend.tests.backend_test.TestDeployments" name="test_list_deployments_all_success" time="0.046" /><testcase classname="backend.tests.backend_test.TestDeployments" name="test_deployments_include_laptop_target" time="0.046" /><testcase classname="backend.tests.backend_test.TestContent" name="test_list_content" time="0.045" /><testcase classname="backend.tests.backend_test.TestAudit" name="test_list_audit" time="0.050" /><testcase classname="backend.tests.backend_test.TestAudit" name="test_audit_stats" time="0.056" /><testcase classname="backend.tests.backend_test.TestApprovals" name="test_list_approvals" time="0.045" /><testcase classname="backend.tests.backend_test.TestStudio" name="test_list_connectors" time="0.053" /><testcase classname="backend.tests.backend_test.TestStudio" name="test_list_ideas" time="0.058" /><testcase classname="backend.tests.backend_test.TestStudio" name="test_create_idea_missing_topic_returns_422" time="0.044" /><testcase classname="backend.tests.backend_test.TestStudio" name="test_create_idea_and_persist" time="0.098" /><testcase classname="backend.tests.backend_test.TestStudio" name="test_generate_script_uses_ai" time="1.676" /><testcase classname="backend.tests.backend_test.TestLedger" name="test_initial_progress_is_zero" time="0.049" /><testcase classname="backend.tests.backend_test.TestLedger" name="test_create_and_list_ledger_entry" time="0.097" /><testcase classname="backend.tests.backend_test.TestLedger" name="test_ledger_net_cannot_exceed_gross" time="0.044" /><testcase classname="backend.tests.backend_test.TestLedger" name="test_ledger_unknown_stream_rejected" time="0.045" /><testcase classname="backend.tests.backend_test.TestLedger" name="test_revenue_actual_reflects_ledger_current_month" time="0.091" /><testcase classname="backend.tests.backend_test.TestPublishing" name="test_create_publishing_record" time="0.047" /><testcase classname="backend.tests.backend_test.TestPublishing" name="test_publishing_status_validation" time="0.053" /><testcase classname="backend.tests.backend_test.TestPublishing" name="test_publishing_stats" time="0.051" /><testcase classname="backend.tests.backend_test.TestScout" name="test_sources_list" time="0.050" /><testcase classname="backend.tests.backend_test.TestScout" name="test_viral_returns_list" time="0.477" /><testcase classname="backend.tests.backend_test.TestProposals" name="test_create_invoice" time="0.049" /><testcase classname="backend.tests.backend_test.TestProposals" name="test_invalid_doc_type_rejected" time="0.044" /><testcase classname="backend.tests.backend_test.TestProposals" name="test_proposal_stats_overview" time="0.052" /><testcase classname="backend.tests.backend_test.TestProposals" name="test_ai_draft_capability_statement" time="3.801" /><testcase classname="backend.tests.backend_test.TestProposals" name="test_list_and_get_proposals" time="0.072" /><testcase classname="backend.tests.backend_test.TestPayments" name="test_packages_listed" time="0.047" /><testcase classname="backend.tests.backend_test.TestPayments" name="test_checkout_unknown_package" time="0.046" /><testcase classname="backend.tests.backend_test.TestPayments" name="test_checkout_starter_creates_session" time="0.049" /><testcase classname="backend.tests.backend_test.TestPayments" name="test_payment_stats" time="0.049" /><testcase classname="backend.tests.backend_test.TestPayments" name="test_share_link_generates" time="0.046" /><testcase classname="backend.tests.backend_test.TestPayments" name="test_share_link_unknown_package" time="0.046" /><testcase classname="backend.tests.backend_test.TestPayments" name="test_checkout_with_utm_persists_metadata" time="0.097" /><testcase classname="backend.tests.backend_test.TestPayments" name="test_mode_probe" time="0.044" /><testcase classname="backend.tests.backend_test.TestPayments" name="test_readiness_returns_checklist" time="0.050" /><testcase classname="backend.tests.backend_test.TestPayments" name="test_smoke_test_refuses_in_test_mode" time="0.051" /><testcase classname="backend.tests.backend_test.TestPayments" name="test_smoke_test_recent_empty_shape" time="0.051" /><testcase classname="backend.tests.backend_test.TestPayments" name="test_smoke_test_status_404_for_unknown" time="0.047" /><testcase classname="backend.tests.backend_test.TestDistillation" name="test_config" time="0.054" /><testcase classname="backend.tests.backend_test.TestDistillation" name="test_stats_initial_shape" time="0.049" /><testcase classname="backend.tests.backend_test.TestDistillation" name="test_preview_compresses" time="0.047" /><testcase classname="backend.tests.backend_test.TestDistillation" name="test_preview_yaml_payload" time="0.046" /><testcase classname="backend.tests.backend_test.TestDistillation" name="test_clear_returns_count" time="0.049" /><testcase classname="backend.tests.backend_test.TestGovernance" name="test_status_shape" time="0.055" /><testcase classname="backend.tests.backend_test.TestGovernance" name="test_manifest_loads" time="0.054" /><testcase classname="backend.tests.backend_test.TestGovernance" name="test_reload_manifest" time="0.054" /><testcase classname="backend.tests.backend_test.TestGovernance" name="test_approvals_empty_list" time="0.047" /><testcase classname="backend.tests.backend_test.TestGovernance" name="test_decide_unknown_approval" time="0.052" /><testcase classname="backend.tests.backend_test.TestGovernanceGatesWired" name="test_manifest_contains_all_wired_gates" time="0.050" /><testcase classname="backend.tests.backend_test.TestGovernanceGatesWired" name="test_rotate_rejects_empty_key" time="0.048" /><testcase classname="backend.tests.backend_test.TestGovernanceGatesWired" name="test_rotate_rejects_malformed_key" time="0.048" /><testcase classname="backend.tests.backend_test.TestGovernanceGatesWired" name="test_rotate_stages_valid_test_key" time="0.046" /><testcase classname="backend.tests.backend_test.TestGovernanceGatesWired" name="test_publishing_drafted_status_is_not_gated" time="0.097" /><testcase classname="backend.tests.backend_test.TestRevenueEquation" name="test_equation_returns_full_shape" time="0.049" /><testcase classname="backend.tests.backend_test.TestRevenueEquation" name="test_bottleneck_endpoint" time="0.047" /><testcase classname="backend.tests.backend_test.TestRevenueEquation" name="test_budget_today_shape" time="0.044" /><testcase classname="backend.tests.backend_test.TestRevenueEquation" name="test_budget_history_returns_list" time="0.047" /><testcase classname="backend.tests.backend_test.TestAnalytics" name="test_funnel" time="0.052" /><testcase classname="backend.tests.backend_test.TestAnalytics" name="test_dashboard" time="0.068" /><testcase classname="backend.tests.backend_test.TestAnalytics" name="test_momentum_no_data_safe" time="0.056" /><testcase classname="backend.tests.backend_test.TestAnalytics" name="test_stream_roi_includes_all_streams" time="0.053" /><testcase classname="backend.tests.backend_test.TestProposalsRetrieval" name="test_list_and_get" time="0.109" /><testcase classname="backend.tests.backend_test.TestProposalsRetrieval" name="test_patch_proposal_status" time="0.147" /><testcase classname="backend.tests.backend_test.TestScoutMore" name="test_grants_endpoint" time="0.642" /><testcase classname="backend.tests.backend_test.TestScoutMore" name="test_contracts_endpoint" time="0.356" /><testcase classname="backend.tests.backend_test.TestScoutMore" name="test_news_endpoint" time="0.438" /><testcase classname="backend.tests.backend_test.TestLedgerCSVImport" name="test_csv_import" time="0.123" /><testcase classname="backend.tests.backend_test.TestLedgerCSVImport" name="test_csv_import_unknown_stream" time="0.120" /><testcase classname="backend.tests.backend_test.TestCycle" name="test_run_cycle" time="1.592" /><testcase classname="backend.tests.backend_test.TestConnectorsExtra" name="test_facebook_and_reddit_present" time="0.047" /><testcase classname="backend.tests.backend_test.TestConnectorsExtra" name="test_publishing_unknown_stream_404" time="0.047" /><testcase classname="backend.tests.backend_test.TestConnectorsExtra" name="test_publishing_filter_by_platform" time="0.104" /><testcase classname="backend.tests.backend_test.TestConnectorsExtra" name="test_publishing_patch_to_verified" time="0.096" /><testcase classname="backend.tests.backend_test.TestLedgerExtra" name="test_ledger_negative_gross_returns_422" time="0.046" /><testcase classname="backend.tests.backend_test.TestLedgerExtra" name="test_ledger_since_days_filter" time="0.149" /><testcase classname="backend.tests.backend_test.TestLedgerExtra" name="test_ledger_stats_by_stream" time="0.097" /><testcase classname="backend.tests.backend_test.TestLedgerExtra" name="test_revenue_list_reflects_ledger_per_stream" time="0.095" /><testcase classname="backend.tests.backend_test.TestLedgerExtra" name="test_audit_log_includes_ledger_event" time="0.091" /><testcase classname="backend.tests.backend_test.TestPaymentsExtra" name="test_transactions_list_after_checkout" time="0.093" /><testcase classname="backend.tests.backend_test.TestPaymentsExtra" name="test_checkout_status_unpaid_does_not_crash" time="0.092" /><testcase classname="backend.tests.backend_test.TestPaymentsExtra" name="test_checkout_creates_saas_stream" time="0.111" /><testcase classname="backend.tests.backend_test.TestAnalyticsExtra" name="test_posting_times" time="0.062" /><testcase classname="backend.tests.backend_test.TestAnalyticsExtra" name="test_platform_mix" time="0.048" /><testcase classname="backend.tests.backend_test.TestAnalyticsExtra" name="test_viral_themes" time="0.050" /><testcase classname="backend.tests.backend_test.TestAdvisor" name="test_recommend" time="0.171" /><testcase classname="backend.tests.backend_test.TestAdvisor" name="test_recent" time="0.057" /><testcase classname="backend.tests.backend_test.TestBooks" name="test_books_list_empty_ok" time="0.052" /><testcase classname="backend.tests.backend_test.TestBooks" name="test_books_stats_empty" time="0.045" /><testcase classname="backend.tests.backend_test.TestBooks" name="test_invalid_book_type_rejected" time="0.049" /><testcase classname="backend.tests.backend_test.TestBooks" name="test_invalid_chapter_count_rejected" time="0.044" /><testcase classname="backend.tests.backend_test.TestBooks" name="test_get_nonexistent_book" time="0.046" /><testcase classname="backend.tests.backend_test.TestBooks" name="test_invalid_chapter_count_zero_rejected" time="0.049" /><testcase classname="backend.tests.backend_test.TestBooksE2E" name="test_create_book_returns_complete" time="4.818" /><testcase classname="backend.tests.backend_test.TestBooksE2E" name="test_rev_books_stream_auto_created" time="0.062" /><testcase classname="backend.tests.backend_test.TestBooksE2E" name="test_list_includes_created_book" time="0.059" /><testcase classname="backend.tests.backend_test.TestBooksE2E" name="test_get_created_book" time="0.065" /><testcase classname="backend.tests.backend_test.TestBooksE2E" name="test_download_md" time="0.055" /><testcase classname="backend.tests.backend_test.TestBooksE2E" name="test_download_txt" time="0.058" /><testcase classname="backend.tests.backend_test.TestBooksE2E" name="test_audiobook_first_get_returns_202" time="0.056" /><testcase classname="backend.tests.backend_test.TestBooksE2E" name="test_audiobook_generate_endpoint_queues" time="0.058" /><testcase classname="backend.tests.backend_test.TestBooksE2E" name="test_download_increments_count" time="0.103" /><testcase classname="backend.tests.backend_test.TestBooksE2E" name="test_stats_overview_reflects_book" time="0.062" /><testcase classname="backend.tests.backend_test.TestBooksE2E" name="test_rev_books_stream_idempotent" time="2.503" /><testcase classname="backend.tests.backend_test.TestBooksE2E" name="test_delete_book" time="0.217" /><testcase classname="backend.tests.backend_test.TestAuth" name="test_config_no_operator_set" time="0.197" /><testcase classname="backend.tests.backend_test.TestAuth" name="test_me_without_session_returns_401" time="0.097" /><testcase classname="backend.tests.backend_test.TestAuth" name="test_login_without_token_configured_returns_503" time="0.101" /><testcase classname="backend.tests.backend_test.TestAuth" name="test_logout_idempotent" time="0.196" /><testcase classname="backend.tests.backend_test.TestSystemStatus" name="test_status_shape" time="0.183" /><testcase classname="backend.tests.backend_test.TestSystemStatus" name="test_status_no_secrets_leaked" time="0.199" /><testcase classname="backend.tests.backend_test.TestSystemStatus" name="test_status_seeded_true_when_seed_data_run" time="0.122" /><testcase classname="backend.tests.backend_test.TestStudioScripts" name="test_list_all_scripts_endpoint" time="0.121" /><testcase classname="backend.tests.backend_test.TestStudioScripts" name="test_scripts_for_idea_returns_only_that_ideas_scripts" time="0.394" /><testcase classname="backend.tests.backend_test.TestStudioScripts" name="test_scripts_for_nonexistent_idea_returns_empty" time="0.098" /><testcase classname="backend.tests.backend_test.TestSecrets" name="test_status_returns_shape_even_when_uninstalled" time="0.100" /><testcase classname="backend.tests.backend_test.TestSecrets" name="test_items_returns_empty_when_unavailable" time="0.198" /><testcase classname="backend.tests.backend_test.TestSecrets" name="test_system_status_exposes_bitwarden_block" time="0.182" /><testcase classname="backend.tests.backend_test.TestSecrets" name="test_secrets_endpoints_never_leak_password_field" time="0.117" /><testcase classname="backend.tests.backend_test.TestFreeOnlyDirective" name="test_cost_status" time="0.196" /><testcase classname="backend.tests.backend_test.TestFreeOnlyDirective" name="test_cost_policy_static" time="0.098" /><testcase classname="backend.tests.backend_test.TestFreeOnlyDirective" name="test_two_node_health" time="0.098" /><testcase classname="backend.tests.backend_test.TestFreeOnlyDirective" name="test_lcac_returns_findings" time="0.179" /><testcase classname="backend.tests.test_dual_actor_approval" name="test_single_actor_approves_immediately" time="0.011" /><testcase classname="backend.tests.test_dual_actor_approval" name="test_critical_gate_requires_two_distinct_actors" time="0.001" /><testcase classname="backend.tests.test_dual_actor_approval" name="test_high_severity_gate_stays_single_actor_even_with_flag" time="0.001" /><testcase classname="backend.tests.test_dual_actor_approval" name="test_any_single_reject_finalizes_rejected" time="0.001" /><testcase classname="backend.tests.test_dual_actor_approval" name="test_unknown_approval_returns_empty" time="0.000" /><testcase classname="backend.tests.test_free_apis" name="test_pollinations_is_keyless_always_available" time="0.000" /><testcase classname="backend.tests.test_free_apis" name="test_pollinations_image_generation_live" time="0.682" /><testcase classname="backend.tests.test_free_apis" name="test_huggingface_not_configured_by_default" time="0.000" /><testcase classname="backend.tests.test_free_apis" name="test_huggingface_configured_with_token" time="0.000" /><testcase classname="backend.tests.test_free_apis" name="test_ai_b_roll_generates_mp4_from_pollinations" time="6.004" /><testcase classname="backend.tests.test_free_apis" name="test_gen_assets_save_and_lookup_voice_ref" time="0.001" /><testcase classname="backend.tests.test_free_apis" name="test_capability_report_exposes_new_free_provider_fields" time="2.906" /><testcase classname="backend.tests.test_iter10_live.TestVideoConfig" name="test_config_exposes_new_fields" time="0.506" /><testcase classname="backend.tests.test_iter10_live.TestVideoConfig" name="test_music_endpoint" time="0.399" /><testcase classname="backend.tests.test_iter10_live.TestVideoRender" name="test_render_with_music_and_adaptive_captions" time="26.701" /><testcase classname="backend.tests.test_iter10_live.TestHooks" name="test_hooks_returns_variants_or_fallback" time="0.804" /><testcase classname="backend.tests.test_iter10_live.TestHooks" name="test_ab_test_never_502_and_reports_fallback" time="0.120" /><testcase classname="backend.tests.test_llm_fallback" name="test_deterministic_hooks_returns_requested_count" time="0.000" /><testcase classname="backend.tests.test_llm_fallback" name="test_deterministic_hooks_handles_empty_topic" time="0.000" /><testcase classname="backend.tests.test_llm_fallback" name="test_quota_exhausted_detection" time="0.000" /><testcase classname="backend.tests.test_llm_fallback" name="test_gemini_fallback_chain_default" time="0.000" /><testcase classname="backend.tests.test_llm_fallback" name="test_llm_completion_cascades_through_models" time="0.004" /><testcase classname="backend.tests.test_llm_fallback" name="test_llm_completion_all_models_exhausted_raises" time="0.001" /><testcase classname="backend.tests.test_video_engine.TestVideoEngine" name="test_config_shape" time="0.003" /><testcase classname="backend.tests.test_video_engine.TestVideoEngine" name="test_voices_endpoint" time="0.045" /><testcase classname="backend.tests.test_video_engine.TestVideoEngine" name="test_render_rejects_avatar_without_portrait" time="0.090" /><testcase classname="backend.tests.test_video_engine.TestVideoEngine" name="test_render_external_provider_returns_pending_then_fails" time="0.045" /><testcase classname="backend.tests.test_video_engine.TestVideoEngine" name="test_render_rejects_unknown_mode" time="0.043" /><testcase classname="backend.tests.test_video_engine.TestVideoEngine" name="test_jobs_list_returns_array" time="0.117" /><testcase classname="backend.tests.test_video_engine.TestVideoEngine" name="test_job_404_for_missing_id" time="0.007" /><testcase classname="backend.tests.test_video_engine.TestVideoEngine" name="test_download_404_for_missing_id" time="0.088" /><testcase classname="backend.tests.test_video_engine.TestVideoEngine" name="test_full_render_pipeline" time="12.458" /><testcase classname="backend.tests.test_video_engine.TestVideoEngineAvatar" name="test_portrait_upload_rejects_bad_content_type" time="0.004" /><testcase classname="backend.tests.test_video_engine.TestVideoEngineAvatar" name="test_portrait_upload_rejects_tiny" time="0.009" /><testcase classname="backend.tests.test_video_engine.TestVideoEngineAvatar" name="test_portrait_full_upload_and_list_and_delete" time="0.788" /><testcase classname="backend.tests.test_video_engine.TestVideoEngineAvatar" name="test_full_avatar_render" time="4.433" /><testcase classname="backend.tests.test_video_extras" name="test_music_catalogue_has_three_tracks_on_disk" time="0.000" /><testcase classname="backend.tests.test_video_extras" name="test_music_resolve_known_and_unknown" time="0.000" /><testcase classname="backend.tests.test_video_extras" name="test_captions_available_flag" time="0.000" /><testcase classname="backend.tests.test_video_extras" name="test_captions_emit_srt_from_existing_wav" time="5.197" /></testsuite></testsuites>