<?xml version="1.0" encoding="utf-8"?><testsuites name="pytest tests"><testsuite name="pytest" errors="0" failures="0" skipped="0" tests="5" time="8.446" timestamp="2026-05-30T00:00:10.470553+00:00" hostname="agent-env-a19cc646-11fd-468b-b5fd-b0d6e6c4db27"><testcase classname="backend.tests.test_iter10_live.TestVideoConfig" name="test_config_exposes_new_fields" time="0.198" /><testcase classname="backend.tests.test_iter10_live.TestVideoConfig" name="test_music_endpoint" time="0.103" /><testcase classname="backend.tests.test_iter10_live.TestVideoRender" name="test_render_with_music_and_adaptive_captions" time="7.850" /><testcase classname="backend.tests.test_iter10_live.TestHooks" name="test_hooks_returns_variants_or_fallback" time="0.112" /><testcase classname="backend.tests.test_iter10_live.TestHooks" name="test_ab_test_never_502_and_reports_fallback" time="0.109" /></testsuite></testsuites>