<?xml version="1.0" encoding="utf-8"?><testsuites name="pytest tests"><testsuite name="pytest" errors="0" failures="0" skipped="0" tests="15" time="1.187" timestamp="2026-05-29T14:18:11.825995+00:00" hostname="agent-env-a19cc646-11fd-468b-b5fd-b0d6e6c4db27"><testcase classname="backend.tests.backend_test.TestGovernance" name="test_status_shape" time="0.303" /><testcase classname="backend.tests.backend_test.TestGovernance" name="test_manifest_loads" time="0.058" /><testcase classname="backend.tests.backend_test.TestGovernance" name="test_reload_manifest" time="0.067" /><testcase classname="backend.tests.backend_test.TestGovernance" name="test_approvals_empty_list" time="0.063" /><testcase classname="backend.tests.backend_test.TestGovernance" name="test_decide_unknown_approval" time="0.061" /><testcase classname="backend.tests.backend_test.TestGovernanceGatesWired" name="test_manifest_contains_all_wired_gates" time="0.057" /><testcase classname="backend.tests.backend_test.TestGovernanceGatesWired" name="test_rotate_rejects_empty_key" time="0.058" /><testcase classname="backend.tests.backend_test.TestGovernanceGatesWired" name="test_rotate_rejects_malformed_key" time="0.053" /><testcase classname="backend.tests.backend_test.TestGovernanceGatesWired" name="test_rotate_stages_valid_test_key" time="0.059" /><testcase classname="backend.tests.backend_test.TestGovernanceGatesWired" name="test_publishing_drafted_status_is_not_gated" time="0.126" /><testcase classname="backend.tests.test_dual_actor_approval" name="test_single_actor_approves_immediately" time="0.006" /><testcase classname="backend.tests.test_dual_actor_approval" name="test_critical_gate_requires_two_distinct_actors" time="0.001" /><testcase classname="backend.tests.test_dual_actor_approval" name="test_high_severity_gate_stays_single_actor_even_with_flag" time="0.001" /><testcase classname="backend.tests.test_dual_actor_approval" name="test_any_single_reject_finalizes_rejected" time="0.001" /><testcase classname="backend.tests.test_dual_actor_approval" name="test_unknown_approval_returns_empty" time="0.001" /></testsuite></testsuites>