<?xml version="1.0" encoding="utf-8"?><testsuites name="pytest tests"><testsuite name="pytest" errors="0" failures="0" skipped="0" tests="11" time="70.057" timestamp="2026-05-30T00:47:14.979062+00:00" hostname="agent-env-a19cc646-11fd-468b-b5fd-b0d6e6c4db27"><testcase classname="backend.tests.test_iter11_live" name="test_video_config_exposes_new_free_provider_fields" time="0.185" /><testcase classname="backend.tests.test_iter11_live" name="test_free_providers_catalogue" time="0.056" /><testcase classname="backend.tests.test_iter11_live" name="test_generative_image_pollinations_live" time="0.448" /><testcase classname="backend.tests.test_iter11_live" name="test_voice_ref_upload_list_delete" time="0.339" /><testcase classname="backend.tests.test_iter11_live" name="test_render_ai_broll_completes" time="67.399" /><testcase classname="backend.tests.test_llm_fallback" name="test_deterministic_hooks_returns_requested_count" time="0.000" /><testcase classname="backend.tests.test_llm_fallback" name="test_deterministic_hooks_handles_empty_topic" time="0.000" /><testcase classname="backend.tests.test_llm_fallback" name="test_quota_exhausted_detection" time="0.000" /><testcase classname="backend.tests.test_llm_fallback" name="test_gemini_fallback_chain_default" time="0.000" /><testcase classname="backend.tests.test_llm_fallback" name="test_llm_completion_cascades_through_models" time="0.001" /><testcase classname="backend.tests.test_llm_fallback" name="test_llm_completion_all_models_exhausted_raises" time="0.001" /></testsuite></testsuites>