<?xml version="1.0" encoding="utf-8"?><testsuites name="pytest tests"><testsuite name="pytest" errors="0" failures="0" skipped="0" tests="19" time="4.672" timestamp="2026-05-26T00:59:01.831343+00:00" hostname="agent-env-a19cc646-11fd-468b-b5fd-b0d6e6c4db27"><testcase classname="backend.tests.backend_test.TestHealth" name="test_health_endpoint" time="0.205" /><testcase classname="backend.tests.backend_test.TestHealth" name="test_root_endpoint" time="0.048" /><testcase classname="backend.tests.backend_test.TestRevenue" name="test_list_revenue_has_10_streams" time="0.051" /><testcase classname="backend.tests.backend_test.TestRevenue" name="test_revenue_stats_totals" time="0.058" /><testcase classname="backend.tests.backend_test.TestAgents" name="test_list_agents_has_10" time="0.048" /><testcase classname="backend.tests.backend_test.TestBuilds" name="test_list_builds" time="0.048" /><testcase classname="backend.tests.backend_test.TestBuilds" name="test_profitengine_v5_live_and_pass" time="0.051" /><testcase classname="backend.tests.backend_test.TestBuilds" name="test_vhll_distillation_live" time="0.047" /><testcase classname="backend.tests.backend_test.TestDeployments" name="test_list_deployments_all_success" time="0.048" /><testcase classname="backend.tests.backend_test.TestDeployments" name="test_deployments_include_laptop_target" time="0.043" /><testcase classname="backend.tests.backend_test.TestContent" name="test_list_content" time="0.049" /><testcase classname="backend.tests.backend_test.TestAudit" name="test_list_audit" time="0.047" /><testcase classname="backend.tests.backend_test.TestAudit" name="test_audit_stats" time="0.057" /><testcase classname="backend.tests.backend_test.TestApprovals" name="test_list_approvals" time="0.049" /><testcase classname="backend.tests.backend_test.TestStudio" name="test_list_connectors" time="0.049" /><testcase classname="backend.tests.backend_test.TestStudio" name="test_list_ideas" time="0.046" /><testcase classname="backend.tests.backend_test.TestStudio" name="test_create_idea_missing_topic_returns_422" time="0.049" /><testcase classname="backend.tests.backend_test.TestStudio" name="test_create_idea_and_persist" time="0.108" /><testcase classname="backend.tests.backend_test.TestStudio" name="test_generate_script_uses_ai" time="3.463" /></testsuite></testsuites>