<?xml version="1.0" encoding="utf-8"?><testsuites name="pytest tests"><testsuite name="pytest" errors="0" failures="0" skipped="0" tests="16" time="1.536" timestamp="2026-05-26T00:42:23.167214+00:00" hostname="agent-env-a19cc646-11fd-468b-b5fd-b0d6e6c4db27"><testcase classname="backend.tests.backend_test.TestHealth" name="test_health_endpoint" time="0.129" /><testcase classname="backend.tests.backend_test.TestHealth" name="test_root_endpoint" time="0.046" /><testcase classname="backend.tests.backend_test.TestRevenue" name="test_list_revenue" time="0.051" /><testcase classname="backend.tests.backend_test.TestRevenue" name="test_revenue_stats" time="0.051" /><testcase classname="backend.tests.backend_test.TestAgents" name="test_list_agents" time="0.046" /><testcase classname="backend.tests.backend_test.TestBuilds" name="test_list_builds" time="0.050" /><testcase classname="backend.tests.backend_test.TestDeployments" name="test_list_deployments" time="0.048" /><testcase classname="backend.tests.backend_test.TestContent" name="test_list_content" time="0.049" /><testcase classname="backend.tests.backend_test.TestAudit" name="test_list_audit" time="0.047" /><testcase classname="backend.tests.backend_test.TestAudit" name="test_audit_stats" time="0.064" /><testcase classname="backend.tests.backend_test.TestApprovals" name="test_list_approvals" time="0.044" /><testcase classname="backend.tests.backend_test.TestStudio" name="test_list_connectors" time="0.047" /><testcase classname="backend.tests.backend_test.TestStudio" name="test_list_ideas" time="0.063" /><testcase classname="backend.tests.backend_test.TestStudio" name="test_create_idea_missing_topic_returns_422" time="0.050" /><testcase classname="backend.tests.backend_test.TestStudio" name="test_create_idea_and_persist" time="0.091" /><testcase classname="backend.tests.backend_test.TestStudio" name="test_generate_script_uses_ai" time="0.566" /></testsuite></testsuites>